<?xml version="1.0" encoding="UTF-8"?>
<coverage generated="1694129202676" clover="3.2.0">
  <project timestamp="1694129202677" name="All files">
    <metrics statements="16" coveredstatements="15" conditionals="3" coveredconditionals="2" methods="1" coveredmethods="1" elements="20" coveredelements="18" complexity="0" loc="16" ncloc="16" packages="1" files="1" classes="1"/>
    <file name="license.ts" path="/home/shay/a/kamath7/461-projects/ECE-461-Group-12-FA2023-project-part1/src/license.ts">
      <metrics statements="16" coveredstatements="15" conditionals="3" coveredconditionals="2" methods="1" coveredmethods="1"/>
      <line num="5" count="1" type="stmt"/>
      <line num="6" count="1" type="stmt"/>
      <line num="8" count="1" type="stmt"/>
      <line num="10" count="2" type="stmt"/>
      <line num="11" count="2" type="stmt"/>
      <line num="12" count="2" type="stmt"/>
      <line num="14" count="2" type="stmt"/>
      <line num="16" count="2" type="stmt"/>
      <line num="22" count="2" type="cond" truecount="0" falsecount="1"/>
      <line num="23" count="0" type="stmt"/>
      <line num="26" count="2" type="stmt"/>
      <line num="27" count="2" type="stmt"/>
      <line num="28" count="2" type="stmt"/>
      <line num="29" count="2" type="stmt"/>
      <line num="31" count="2" type="cond" truecount="2" falsecount="0"/>
      <line num="34" count="1" type="stmt"/>
    </file>
  </project>
</coverage>
