{"C:\\Users\\osceo\\Desktop\\Stuff\\ECE461\\ECE-461-Group-12-FA2023-project-part1\\src\\busFactor.ts": {"path":"C:\\Users\\osceo\\Desktop\\Stuff\\ECE461\\ECE-461-Group-12-FA2023-project-part1\\src\\busFactor.ts","statementMap":{"0":{"start":{"line":1,"column":0},"end":{"line":1,"column":31}},"1":{"start":{"line":2,"column":0},"end":{"line":2,"column":28}},"2":{"start":{"line":5,"column":0},"end":{"line":5,"column":16}},"3":{"start":{"line":17,"column":25},"end":{"line":17,"column":75}},"4":{"start":{"line":18,"column":4},"end":{"line":20,"column":null}},"5":{"start":{"line":19,"column":8},"end":{"line":19,"column":73}},"6":{"start":{"line":22,"column":20},"end":{"line":22,"column":35}},"7":{"start":{"line":23,"column":19},"end":{"line":23,"column":73}},"8":{"start":{"line":26,"column":21},"end":{"line":31,"column":6}},"9":{"start":{"line":33,"column":4},"end":{"line":35,"column":null}},"10":{"start":{"line":34,"column":8},"end":{"line":34,"column":104}},"11":{"start":{"line":37,"column":17},"end":{"line":37,"column":38}},"12":{"start":{"line":39,"column":4},"end":{"line":41,"column":null}},"13":{"start":{"line":39,"column":49},"end":{"line":39,"column":85}},"14":{"start":{"line":40,"column":8},"end":{"line":40,"column":92}},"15":{"start":{"line":43,"column":4},"end":{"line":43,"column":88}},"16":{"start":{"line":43,"column":29},"end":{"line":43,"column":85}},"17":{"start":{"line":47,"column":31},"end":{"line":47,"column":98}},"18":{"start":{"line":47,"column":64},"end":{"line":47,"column":97}},"19":{"start":{"line":49,"column":33},"end":{"line":49,"column":34}},"20":{"start":{"line":50,"column":31},"end":{"line":50,"column":32}},"21":{"start":{"line":51,"column":37},"end":{"line":51,"column":124}},"22":{"start":{"line":51,"column":85},"end":{"line":51,"column":116}},"23":{"start":{"line":53,"column":4},"end":{"line":60,"column":null}},"24":{"start":{"line":54,"column":8},"end":{"line":54,"column":58}},"25":{"start":{"line":55,"column":8},"end":{"line":55,"column":33}},"26":{"start":{"line":57,"column":8},"end":{"line":59,"column":null}},"27":{"start":{"line":58,"column":12},"end":{"line":58,"column":18}},"28":{"start":{"line":62,"column":22},"end":{"line":62,"column":62}},"29":{"start":{"line":64,"column":4},"end":{"line":66,"column":6}},"30":{"start":{"line":70,"column":25},"end":{"line":70,"column":57}},"31":{"start":{"line":71,"column":4},"end":{"line":71,"column":44}},"32":{"start":{"line":69,"column":0},"end":{"line":69,"column":7}}},"fnMap":{"0":{"name":"fetchContributors","decl":{"start":{"line":16,"column":15},"end":{"line":16,"column":32}},"loc":{"start":{"line":16,"column":52},"end":{"line":44,"column":1}}},"1":{"name":"(anonymous_2)","decl":{"start":{"line":39,"column":44},"end":{"line":39,"column":45}},"loc":{"start":{"line":39,"column":49},"end":{"line":39,"column":85}}},"2":{"name":"(anonymous_3)","decl":{"start":{"line":43,"column":20},"end":{"line":43,"column":24}},"loc":{"start":{"line":43,"column":29},"end":{"line":43,"column":85}}},"3":{"name":"calculateBusFactor","decl":{"start":{"line":46,"column":9},"end":{"line":46,"column":27}},"loc":{"start":{"line":46,"column":55},"end":{"line":67,"column":1}}},"4":{"name":"(anonymous_5)","decl":{"start":{"line":47,"column":54},"end":{"line":47,"column":55}},"loc":{"start":{"line":47,"column":64},"end":{"line":47,"column":97}}},"5":{"name":"(anonymous_6)","decl":{"start":{"line":51,"column":63},"end":{"line":51,"column":64}},"loc":{"start":{"line":51,"column":85},"end":{"line":51,"column":116}}},"6":{"name":"getBusFactor","decl":{"start":{"line":69,"column":22},"end":{"line":69,"column":34}},"loc":{"start":{"line":69,"column":50},"end":{"line":72,"column":1}}}},"branchMap":{"0":{"loc":{"start":{"line":18,"column":4},"end":{"line":20,"column":null}},"type":"if","locations":[{"start":{"line":18,"column":4},"end":{"line":20,"column":null}}]},"1":{"loc":{"start":{"line":33,"column":4},"end":{"line":35,"column":null}},"type":"if","locations":[{"start":{"line":33,"column":4},"end":{"line":35,"column":null}}]},"2":{"loc":{"start":{"line":39,"column":4},"end":{"line":41,"column":null}},"type":"if","locations":[{"start":{"line":39,"column":4},"end":{"line":41,"column":null}}]},"3":{"loc":{"start":{"line":39,"column":8},"end":{"line":39,"column":86}},"type":"binary-expr","locations":[{"start":{"line":39,"column":8},"end":{"line":39,"column":28}},{"start":{"line":39,"column":32},"end":{"line":39,"column":86}}]},"4":{"loc":{"start":{"line":39,"column":49},"end":{"line":39,"column":85}},"type":"binary-expr","locations":[{"start":{"line":39,"column":49},"end":{"line":39,"column":61}},{"start":{"line":39,"column":65},"end":{"line":39,"column":85}}]},"5":{"loc":{"start":{"line":57,"column":8},"end":{"line":59,"column":null}},"type":"if","locations":[{"start":{"line":57,"column":8},"end":{"line":59,"column":null}}]}},"s":{"0":1,"1":1,"2":1,"3":1,"4":1,"5":0,"6":1,"7":1,"8":1,"9":1,"10":0,"11":1,"12":1,"13":30,"14":0,"15":1,"16":30,"17":1,"18":29,"19":1,"20":1,"21":1,"22":30,"23":1,"24":2,"25":2,"26":2,"27":1,"28":1,"29":1,"30":1,"31":1,"32":1},"f":{"0":1,"1":30,"2":30,"3":1,"4":29,"5":30,"6":1},"b":{"0":[0],"1":[0],"2":[0],"3":[1,1],"4":[30,30],"5":[1]}}
,"C:\\Users\\osceo\\Desktop\\Stuff\\ECE461\\ECE-461-Group-12-FA2023-project-part1\\src\\correctness.ts": {"path":"C:\\Users\\osceo\\Desktop\\Stuff\\ECE461\\ECE-461-Group-12-FA2023-project-part1\\src\\correctness.ts","statementMap":{"0":{"start":{"line":1,"column":0},"end":{"line":1,"column":31}},"1":{"start":{"line":2,"column":0},"end":{"line":2,"column":28}},"2":{"start":{"line":5,"column":0},"end":{"line":5,"column":16}},"3":{"start":{"line":13,"column":25},"end":{"line":13,"column":75}},"4":{"start":{"line":14,"column":4},"end":{"line":16,"column":null}},"5":{"start":{"line":15,"column":8},"end":{"line":15,"column":73}},"6":{"start":{"line":18,"column":20},"end":{"line":18,"column":35}},"7":{"start":{"line":19,"column":19},"end":{"line":19,"column":86}},"8":{"start":{"line":23,"column":21},"end":{"line":28,"column":6}},"9":{"start":{"line":30,"column":4},"end":{"line":32,"column":null}},"10":{"start":{"line":31,"column":8},"end":{"line":31,"column":96}},"11":{"start":{"line":34,"column":4},"end":{"line":34,"column":33}},"12":{"start":{"line":38,"column":4},"end":{"line":67,"column":null}},"13":{"start":{"line":39,"column":29},"end":{"line":39,"column":75}},"14":{"start":{"line":40,"column":8},"end":{"line":42,"column":null}},"15":{"start":{"line":41,"column":12},"end":{"line":41,"column":73}},"16":{"start":{"line":43,"column":25},"end":{"line":43,"column":40}},"17":{"start":{"line":45,"column":28},"end":{"line":45,"column":79}},"18":{"start":{"line":46,"column":27},"end":{"line":46,"column":112}},"19":{"start":{"line":47,"column":29},"end":{"line":47,"column":116}},"20":{"start":{"line":50,"column":22},"end":{"line":50,"column":23}},"21":{"start":{"line":51,"column":8},"end":{"line":53,"column":null}},"22":{"start":{"line":52,"column":12},"end":{"line":52,"column":101}},"23":{"start":{"line":55,"column":27},"end":{"line":55,"column":75}},"24":{"start":{"line":57,"column":8},"end":{"line":59,"column":10}},"25":{"start":{"line":62,"column":8},"end":{"line":66,"column":null}},"26":{"start":{"line":63,"column":12},"end":{"line":63,"column":82}},"27":{"start":{"line":65,"column":12},"end":{"line":65,"column":89}},"28":{"start":{"line":37,"column":0},"end":{"line":37,"column":7}}},"fnMap":{"0":{"name":"fetchGitHubData","decl":{"start":{"line":12,"column":15},"end":{"line":12,"column":30}},"loc":{"start":{"line":12,"column":68},"end":{"line":35,"column":1}}},"1":{"name":"fetchCorrectnessData","decl":{"start":{"line":37,"column":22},"end":{"line":37,"column":42}},"loc":{"start":{"line":37,"column":58},"end":{"line":68,"column":1}}}},"branchMap":{"0":{"loc":{"start":{"line":14,"column":4},"end":{"line":16,"column":null}},"type":"if","locations":[{"start":{"line":14,"column":4},"end":{"line":16,"column":null}}]},"1":{"loc":{"start":{"line":30,"column":4},"end":{"line":32,"column":null}},"type":"if","locations":[{"start":{"line":30,"column":4},"end":{"line":32,"column":null}}]},"2":{"loc":{"start":{"line":40,"column":8},"end":{"line":42,"column":null}},"type":"if","locations":[{"start":{"line":40,"column":8},"end":{"line":42,"column":null}}]},"3":{"loc":{"start":{"line":51,"column":8},"end":{"line":53,"column":null}},"type":"if","locations":[{"start":{"line":51,"column":8},"end":{"line":53,"column":null}}]},"4":{"loc":{"start":{"line":62,"column":8},"end":{"line":66,"column":null}},"type":"if","locations":[{"start":{"line":62,"column":8},"end":{"line":66,"column":null}},{"start":{"line":64,"column":15},"end":{"line":66,"column":null}}]}},"s":{"0":1,"1":1,"2":1,"3":3,"4":3,"5":0,"6":3,"7":3,"8":3,"9":3,"10":0,"11":3,"12":1,"13":1,"14":1,"15":0,"16":1,"17":1,"18":1,"19":1,"20":1,"21":1,"22":1,"23":1,"24":1,"25":0,"26":0,"27":0,"28":1},"f":{"0":3,"1":1},"b":{"0":[0],"1":[0],"2":[0],"3":[1],"4":[0,0]}}
}
