{"/home/shay/a/kamath7/461-projects/ECE-461-Group-12-FA2023-project-part1/src/license.ts": {"path":"/home/shay/a/kamath7/461-projects/ECE-461-Group-12-FA2023-project-part1/src/license.ts","statementMap":{"0":{"start":{"line":5,"column":0},"end":{"line":5,"column":31}},"1":{"start":{"line":6,"column":0},"end":{"line":6,"column":28}},"2":{"start":{"line":8,"column":0},"end":{"line":8,"column":16}},"3":{"start":{"line":10,"column":19},"end":{"line":10,"column":33}},"4":{"start":{"line":11,"column":15},"end":{"line":11,"column":29}},"5":{"start":{"line":12,"column":16},"end":{"line":12,"column":30}},"6":{"start":{"line":14,"column":17},"end":{"line":14,"column":71}},"7":{"start":{"line":16,"column":19},"end":{"line":20,"column":4}},"8":{"start":{"line":22,"column":2},"end":{"line":24,"column":null}},"9":{"start":{"line":23,"column":4},"end":{"line":23,"column":61}},"10":{"start":{"line":26,"column":41},"end":{"line":26,"column":62}},"11":{"start":{"line":27,"column":17},"end":{"line":27,"column":65}},"12":{"start":{"line":28,"column":23},"end":{"line":28,"column":37}},"13":{"start":{"line":29,"column":21},"end":{"line":29,"column":46}},"14":{"start":{"line":31,"column":2},"end":{"line":31,"column":28}},"15":{"start":{"line":34,"column":9},"end":{"line":34,"column":16}}},"fnMap":{"0":{"name":"license","decl":{"start":{"line":9,"column":15},"end":{"line":9,"column":22}},"loc":{"start":{"line":9,"column":34},"end":{"line":32,"column":1}}}},"branchMap":{"0":{"loc":{"start":{"line":22,"column":2},"end":{"line":24,"column":null}},"type":"if","locations":[{"start":{"line":22,"column":2},"end":{"line":24,"column":null}}]},"1":{"loc":{"start":{"line":31,"column":9},"end":{"line":31,"column":27}},"type":"cond-expr","locations":[{"start":{"line":31,"column":22},"end":{"line":31,"column":23}},{"start":{"line":31,"column":26},"end":{"line":31,"column":27}}]}},"s":{"0":1,"1":1,"2":1,"3":2,"4":2,"5":2,"6":2,"7":2,"8":2,"9":0,"10":2,"11":2,"12":2,"13":2,"14":2,"15":1},"f":{"0":2},"b":{"0":[0],"1":[1,1]}}
}
