TN:
SF:src\busFactor.ts
FN:16,fetchContributors
FN:39,(anonymous_2)
FN:43,(anonymous_3)
FN:46,calculateBusFactor
FN:47,(anonymous_5)
FN:51,(anonymous_6)
FN:69,getBusFactor
FNF:7
FNH:7
FNDA:1,fetchContributors
FNDA:30,(anonymous_2)
FNDA:30,(anonymous_3)
FNDA:1,calculateBusFactor
FNDA:29,(anonymous_5)
FNDA:30,(anonymous_6)
FNDA:1,getBusFactor
DA:1,1
DA:2,1
DA:5,1
DA:17,1
DA:18,1
DA:19,0
DA:22,1
DA:23,1
DA:26,1
DA:33,1
DA:34,0
DA:37,1
DA:39,30
DA:40,0
DA:43,30
DA:47,29
DA:49,1
DA:50,1
DA:51,30
DA:53,1
DA:54,2
DA:55,2
DA:57,2
DA:58,1
DA:62,1
DA:64,1
DA:69,1
DA:70,1
DA:71,1
LF:29
LH:26
BRDA:18,0,0,0
BRDA:33,1,0,0
BRDA:39,2,0,0
BRDA:39,3,0,1
BRDA:39,3,1,1
BRDA:39,4,0,30
BRDA:39,4,1,30
BRDA:57,5,0,1
BRF:8
BRH:5
end_of_record
TN:
SF:src\correctness.ts
FN:12,fetchGitHubData
FN:37,fetchCorrectnessData
FNF:2
FNH:2
FNDA:3,fetchGitHubData
FNDA:1,fetchCorrectnessData
DA:1,1
DA:2,1
DA:5,1
DA:13,3
DA:14,3
DA:15,0
DA:18,3
DA:19,3
DA:23,3
DA:30,3
DA:31,0
DA:34,3
DA:37,1
DA:38,1
DA:39,1
DA:40,1
DA:41,0
DA:43,1
DA:45,1
DA:46,1
DA:47,1
DA:50,1
DA:51,1
DA:52,1
DA:55,1
DA:57,1
DA:62,0
DA:63,0
DA:65,0
LF:29
LH:23
BRDA:14,0,0,0
BRDA:30,1,0,0
BRDA:40,2,0,0
BRDA:51,3,0,1
BRDA:62,4,0,0
BRDA:62,4,1,0
BRF:6
BRH:1
end_of_record
